2022-11-02 16:03:11 startup archives unpack
2022-11-02 16:03:11 install virtualbox-guest-utils:amd64 <none> 5.2.42-dfsg-0~ubuntu1.18.04.1
2022-11-02 16:03:11 status half-installed virtualbox-guest-utils:amd64 5.2.42-dfsg-0~ubuntu1.18.04.1
2022-11-02 16:03:11 status triggers-pending ureadahead:amd64 0.100.0-21
2022-11-02 16:03:11 status triggers-pending systemd:amd64 237-3ubuntu10.56
2022-11-02 16:03:11 status triggers-pending man-db:amd64 2.8.3-2ubuntu0.1
2022-11-02 16:03:11 status unpacked virtualbox-guest-utils:amd64 5.2.42-dfsg-0~ubuntu1.18.04.1
2022-11-02 16:03:11 status unpacked virtualbox-guest-utils:amd64 5.2.42-dfsg-0~ubuntu1.18.04.1
2022-11-02 16:03:11 startup packages configure
2022-11-02 16:03:11 configure virtualbox-guest-utils:amd64 5.2.42-dfsg-0~ubuntu1.18.04.1 <none>
2022-11-02 16:03:11 status unpacked virtualbox-guest-utils:amd64 5.2.42-dfsg-0~ubuntu1.18.04.1
2022-11-02 16:03:11 status unpacked virtualbox-guest-utils:amd64 5.2.42-dfsg-0~ubuntu1.18.04.1
2022-11-02 16:03:11 status half-configured virtualbox-guest-utils:amd64 5.2.42-dfsg-0~ubuntu1.18.04.1
2022-11-02 16:03:11 status installed virtualbox-guest-utils:amd64 5.2.42-dfsg-0~ubuntu1.18.04.1
2022-11-02 16:03:11 trigproc ureadahead:amd64 0.100.0-21 <none>
2022-11-02 16:03:11 status half-configured ureadahead:amd64 0.100.0-21
2022-11-02 16:03:11 status installed ureadahead:amd64 0.100.0-21
2022-11-02 16:03:11 trigproc systemd:amd64 237-3ubuntu10.56 <none>
2022-11-02 16:03:11 status half-configured systemd:amd64 237-3ubuntu10.56
2022-11-02 16:03:11 status installed systemd:amd64 237-3ubuntu10.56
2022-11-02 16:03:11 trigproc man-db:amd64 2.8.3-2ubuntu0.1 <none>
2022-11-02 16:03:11 status half-configured man-db:amd64 2.8.3-2ubuntu0.1
2022-11-02 16:03:11 status installed man-db:amd64 2.8.3-2ubuntu0.1
2022-11-13 00:43:02 startup archives unpack
2022-11-13 00:43:02 install pigz:amd64 <none> 2.4-1
2022-11-13 00:43:02 status half-installed pigz:amd64 2.4-1
2022-11-13 00:43:02 status triggers-pending man-db:amd64 2.8.3-2ubuntu0.1
2022-11-13 00:43:02 status unpacked pigz:amd64 2.4-1
2022-11-13 00:43:02 status unpacked pigz:amd64 2.4-1
2022-11-13 00:43:02 install containerd.io:amd64 <none> 1.6.9-1
2022-11-13 00:43:02 status half-installed containerd.io:amd64 1.6.9-1
2022-11-13 00:43:04 status unpacked containerd.io:amd64 1.6.9-1
2022-11-13 00:43:04 status unpacked containerd.io:amd64 1.6.9-1
2022-11-13 00:43:05 install docker-ce-cli:amd64 <none> 5:20.10.21~3-0~ubuntu-bionic
2022-11-13 00:43:05 status half-installed docker-ce-cli:amd64 5:20.10.21~3-0~ubuntu-bionic
2022-11-13 00:43:10 status unpacked docker-ce-cli:amd64 5:20.10.21~3-0~ubuntu-bionic
2022-11-13 00:43:10 status unpacked docker-ce-cli:amd64 5:20.10.21~3-0~ubuntu-bionic
2022-11-13 00:43:11 install docker-ce:amd64 <none> 5:20.10.21~3-0~ubuntu-bionic
2022-11-13 00:43:11 status half-installed docker-ce:amd64 5:20.10.21~3-0~ubuntu-bionic
2022-11-13 00:43:11 status triggers-pending ureadahead:amd64 0.100.0-21
2022-11-13 00:43:11 status triggers-pending ureadahead:amd64 0.100.0-21
2022-11-13 00:43:11 status triggers-pending systemd:amd64 237-3ubuntu10.56
2022-11-13 00:43:15 status unpacked docker-ce:amd64 5:20.10.21~3-0~ubuntu-bionic
2022-11-13 00:43:15 status unpacked docker-ce:amd64 5:20.10.21~3-0~ubuntu-bionic
2022-11-13 00:43:15 install docker-ce-rootless-extras:amd64 <none> 5:20.10.21~3-0~ubuntu-bionic
2022-11-13 00:43:15 status half-installed docker-ce-rootless-extras:amd64 5:20.10.21~3-0~ubuntu-bionic
2022-11-13 00:43:15 status unpacked docker-ce-rootless-extras:amd64 5:20.10.21~3-0~ubuntu-bionic
2022-11-13 00:43:15 status unpacked docker-ce-rootless-extras:amd64 5:20.10.21~3-0~ubuntu-bionic
2022-11-13 00:43:15 install docker-compose-plugin:amd64 <none> 2.12.2~ubuntu-bionic
2022-11-13 00:43:15 status half-installed docker-compose-plugin:amd64 2.12.2~ubuntu-bionic
2022-11-13 00:43:17 status unpacked docker-compose-plugin:amd64 2.12.2~ubuntu-bionic
2022-11-13 00:43:17 status unpacked docker-compose-plugin:amd64 2.12.2~ubuntu-bionic
2022-11-13 00:43:17 install docker-scan-plugin:amd64 <none> 0.21.0~ubuntu-bionic
2022-11-13 00:43:17 status half-installed docker-scan-plugin:amd64 0.21.0~ubuntu-bionic
2022-11-13 00:43:17 status unpacked docker-scan-plugin:amd64 0.21.0~ubuntu-bionic
2022-11-13 00:43:17 status unpacked docker-scan-plugin:amd64 0.21.0~ubuntu-bionic
2022-11-13 00:43:18 install libltdl7:amd64 <none> 2.4.6-2
2022-11-13 00:43:18 status triggers-pending libc-bin:amd64 2.27-3ubuntu1.6
2022-11-13 00:43:18 status half-installed libltdl7:amd64 2.4.6-2
2022-11-13 00:43:18 status unpacked libltdl7:amd64 2.4.6-2
2022-11-13 00:43:18 status unpacked libltdl7:amd64 2.4.6-2
2022-11-13 00:43:18 startup packages configure
2022-11-13 00:43:18 configure containerd.io:amd64 1.6.9-1 <none>
2022-11-13 00:43:18 status unpacked containerd.io:amd64 1.6.9-1
2022-11-13 00:43:18 status unpacked containerd.io:amd64 1.6.9-1
2022-11-13 00:43:18 status half-configured containerd.io:amd64 1.6.9-1
2022-11-13 00:43:18 status installed containerd.io:amd64 1.6.9-1
2022-11-13 00:43:18 configure docker-ce-rootless-extras:amd64 5:20.10.21~3-0~ubuntu-bionic <none>
2022-11-13 00:43:18 status unpacked docker-ce-rootless-extras:amd64 5:20.10.21~3-0~ubuntu-bionic
2022-11-13 00:43:18 status half-configured docker-ce-rootless-extras:amd64 5:20.10.21~3-0~ubuntu-bionic
2022-11-13 00:43:18 status installed docker-ce-rootless-extras:amd64 5:20.10.21~3-0~ubuntu-bionic
2022-11-13 00:43:18 configure docker-scan-plugin:amd64 0.21.0~ubuntu-bionic <none>
2022-11-13 00:43:18 status unpacked docker-scan-plugin:amd64 0.21.0~ubuntu-bionic
2022-11-13 00:43:18 status half-configured docker-scan-plugin:amd64 0.21.0~ubuntu-bionic
2022-11-13 00:43:18 status installed docker-scan-plugin:amd64 0.21.0~ubuntu-bionic
2022-11-13 00:43:18 configure libltdl7:amd64 2.4.6-2 <none>
2022-11-13 00:43:18 status unpacked libltdl7:amd64 2.4.6-2
2022-11-13 00:43:18 status half-configured libltdl7:amd64 2.4.6-2
2022-11-13 00:43:18 status installed libltdl7:amd64 2.4.6-2
2022-11-13 00:43:18 configure docker-compose-plugin:amd64 2.12.2~ubuntu-bionic <none>
2022-11-13 00:43:18 status unpacked docker-compose-plugin:amd64 2.12.2~ubuntu-bionic
2022-11-13 00:43:18 status half-configured docker-compose-plugin:amd64 2.12.2~ubuntu-bionic
2022-11-13 00:43:18 status installed docker-compose-plugin:amd64 2.12.2~ubuntu-bionic
2022-11-13 00:43:18 configure docker-ce-cli:amd64 5:20.10.21~3-0~ubuntu-bionic <none>
2022-11-13 00:43:18 status unpacked docker-ce-cli:amd64 5:20.10.21~3-0~ubuntu-bionic
2022-11-13 00:43:18 status half-configured docker-ce-cli:amd64 5:20.10.21~3-0~ubuntu-bionic
2022-11-13 00:43:18 status installed docker-ce-cli:amd64 5:20.10.21~3-0~ubuntu-bionic
2022-11-13 00:43:18 configure pigz:amd64 2.4-1 <none>
2022-11-13 00:43:18 status unpacked pigz:amd64 2.4-1
2022-11-13 00:43:18 status half-configured pigz:amd64 2.4-1
2022-11-13 00:43:18 status installed pigz:amd64 2.4-1
2022-11-13 00:43:18 configure docker-ce:amd64 5:20.10.21~3-0~ubuntu-bionic <none>
2022-11-13 00:43:18 status unpacked docker-ce:amd64 5:20.10.21~3-0~ubuntu-bionic
2022-11-13 00:43:18 status unpacked docker-ce:amd64 5:20.10.21~3-0~ubuntu-bionic
2022-11-13 00:43:18 status unpacked docker-ce:amd64 5:20.10.21~3-0~ubuntu-bionic
2022-11-13 00:43:18 status unpacked docker-ce:amd64 5:20.10.21~3-0~ubuntu-bionic
2022-11-13 00:43:19 status half-configured docker-ce:amd64 5:20.10.21~3-0~ubuntu-bionic
2022-11-13 00:43:20 status installed docker-ce:amd64 5:20.10.21~3-0~ubuntu-bionic
2022-11-13 00:43:20 trigproc libc-bin:amd64 2.27-3ubuntu1.6 <none>
2022-11-13 00:43:20 status half-configured libc-bin:amd64 2.27-3ubuntu1.6
2022-11-13 00:43:20 status installed libc-bin:amd64 2.27-3ubuntu1.6
2022-11-13 00:43:20 trigproc systemd:amd64 237-3ubuntu10.56 <none>
2022-11-13 00:43:20 status half-configured systemd:amd64 237-3ubuntu10.56
2022-11-13 00:43:20 status installed systemd:amd64 237-3ubuntu10.56
2022-11-13 00:43:20 trigproc man-db:amd64 2.8.3-2ubuntu0.1 <none>
2022-11-13 00:43:20 status half-configured man-db:amd64 2.8.3-2ubuntu0.1
2022-11-13 00:43:21 status installed man-db:amd64 2.8.3-2ubuntu0.1
2022-11-13 00:43:21 trigproc ureadahead:amd64 0.100.0-21 <none>
2022-11-13 00:43:21 status half-configured ureadahead:amd64 0.100.0-21
2022-11-13 00:43:22 status installed ureadahead:amd64 0.100.0-21
2022-11-13 00:48:10 startup archives unpack
2022-11-13 00:48:10 install binutils-common:amd64 <none> 2.30-21ubuntu1~18.04.7
2022-11-13 00:48:10 status half-installed binutils-common:amd64 2.30-21ubuntu1~18.04.7
2022-11-13 00:48:10 status triggers-pending man-db:amd64 2.8.3-2ubuntu0.1
2022-11-13 00:48:10 status unpacked binutils-common:amd64 2.30-21ubuntu1~18.04.7
2022-11-13 00:48:10 status unpacked binutils-common:amd64 2.30-21ubuntu1~18.04.7
2022-11-13 00:48:10 install libbinutils:amd64 <none> 2.30-21ubuntu1~18.04.7
2022-11-13 00:48:10 status triggers-pending libc-bin:amd64 2.27-3ubuntu1.6
2022-11-13 00:48:10 status half-installed libbinutils:amd64 2.30-21ubuntu1~18.04.7
2022-11-13 00:48:10 status unpacked libbinutils:amd64 2.30-21ubuntu1~18.04.7
2022-11-13 00:48:10 status unpacked libbinutils:amd64 2.30-21ubuntu1~18.04.7
2022-11-13 00:48:10 install binutils-x86-64-linux-gnu:amd64 <none> 2.30-21ubuntu1~18.04.7
2022-11-13 00:48:10 status half-installed binutils-x86-64-linux-gnu:amd64 2.30-21ubuntu1~18.04.7
2022-11-13 00:48:11 status unpacked binutils-x86-64-linux-gnu:amd64 2.30-21ubuntu1~18.04.7
2022-11-13 00:48:11 status unpacked binutils-x86-64-linux-gnu:amd64 2.30-21ubuntu1~18.04.7
2022-11-13 00:48:11 install binutils:amd64 <none> 2.30-21ubuntu1~18.04.7
2022-11-13 00:48:11 status half-installed binutils:amd64 2.30-21ubuntu1~18.04.7
2022-11-13 00:48:11 status unpacked binutils:amd64 2.30-21ubuntu1~18.04.7
2022-11-13 00:48:11 status unpacked binutils:amd64 2.30-21ubuntu1~18.04.7
2022-11-13 00:48:11 install libc-dev-bin:amd64 <none> 2.27-3ubuntu1.6
2022-11-13 00:48:11 status half-installed libc-dev-bin:amd64 2.27-3ubuntu1.6
2022-11-13 00:48:11 status unpacked libc-dev-bin:amd64 2.27-3ubuntu1.6
2022-11-13 00:48:11 status unpacked libc-dev-bin:amd64 2.27-3ubuntu1.6
2022-11-13 00:48:11 install linux-libc-dev:amd64 <none> 4.15.0-196.207
2022-11-13 00:48:11 status half-installed linux-libc-dev:amd64 4.15.0-196.207
2022-11-13 00:48:11 status unpacked linux-libc-dev:amd64 4.15.0-196.207
2022-11-13 00:48:11 status unpacked linux-libc-dev:amd64 4.15.0-196.207
2022-11-13 00:48:11 install libc6-dev:amd64 <none> 2.27-3ubuntu1.6
2022-11-13 00:48:11 status half-installed libc6-dev:amd64 2.27-3ubuntu1.6
2022-11-13 00:48:11 status unpacked libc6-dev:amd64 2.27-3ubuntu1.6
2022-11-13 00:48:11 status unpacked libc6-dev:amd64 2.27-3ubuntu1.6
2022-11-13 00:48:11 install gcc-7-base:amd64 <none> 7.5.0-3ubuntu1~18.04
2022-11-13 00:48:11 status half-installed gcc-7-base:amd64 7.5.0-3ubuntu1~18.04
2022-11-13 00:48:11 status unpacked gcc-7-base:amd64 7.5.0-3ubuntu1~18.04
2022-11-13 00:48:11 status unpacked gcc-7-base:amd64 7.5.0-3ubuntu1~18.04
2022-11-13 00:48:11 install libisl19:amd64 <none> 0.19-1
2022-11-13 00:48:11 status half-installed libisl19:amd64 0.19-1
2022-11-13 00:48:11 status unpacked libisl19:amd64 0.19-1
2022-11-13 00:48:11 status unpacked libisl19:amd64 0.19-1
2022-11-13 00:48:11 install libmpc3:amd64 <none> 1.1.0-1
2022-11-13 00:48:11 status half-installed libmpc3:amd64 1.1.0-1
2022-11-13 00:48:11 status unpacked libmpc3:amd64 1.1.0-1
2022-11-13 00:48:11 status unpacked libmpc3:amd64 1.1.0-1
2022-11-13 00:48:11 install cpp-7:amd64 <none> 7.5.0-3ubuntu1~18.04
2022-11-13 00:48:11 status half-installed cpp-7:amd64 7.5.0-3ubuntu1~18.04
2022-11-13 00:48:12 status unpacked cpp-7:amd64 7.5.0-3ubuntu1~18.04
2022-11-13 00:48:12 status unpacked cpp-7:amd64 7.5.0-3ubuntu1~18.04
2022-11-13 00:48:12 install cpp:amd64 <none> 4:7.4.0-1ubuntu2.3
2022-11-13 00:48:12 status half-installed cpp:amd64 4:7.4.0-1ubuntu2.3
2022-11-13 00:48:12 status unpacked cpp:amd64 4:7.4.0-1ubuntu2.3
2022-11-13 00:48:12 status unpacked cpp:amd64 4:7.4.0-1ubuntu2.3
2022-11-13 00:48:12 install libcc1-0:amd64 <none> 8.4.0-1ubuntu1~18.04
2022-11-13 00:48:12 status half-installed libcc1-0:amd64 8.4.0-1ubuntu1~18.04
2022-11-13 00:48:12 status unpacked libcc1-0:amd64 8.4.0-1ubuntu1~18.04
2022-11-13 00:48:12 status unpacked libcc1-0:amd64 8.4.0-1ubuntu1~18.04
2022-11-13 00:48:12 install libgomp1:amd64 <none> 8.4.0-1ubuntu1~18.04
2022-11-13 00:48:12 status half-installed libgomp1:amd64 8.4.0-1ubuntu1~18.04
2022-11-13 00:48:12 status unpacked libgomp1:amd64 8.4.0-1ubuntu1~18.04
2022-11-13 00:48:12 status unpacked libgomp1:amd64 8.4.0-1ubuntu1~18.04
2022-11-13 00:48:12 install libitm1:amd64 <none> 8.4.0-1ubuntu1~18.04
2022-11-13 00:48:12 status half-installed libitm1:amd64 8.4.0-1ubuntu1~18.04
2022-11-13 00:48:12 status unpacked libitm1:amd64 8.4.0-1ubuntu1~18.04
2022-11-13 00:48:12 status unpacked libitm1:amd64 8.4.0-1ubuntu1~18.04
2022-11-13 00:48:12 install libatomic1:amd64 <none> 8.4.0-1ubuntu1~18.04
2022-11-13 00:48:12 status half-installed libatomic1:amd64 8.4.0-1ubuntu1~18.04
2022-11-13 00:48:12 status unpacked libatomic1:amd64 8.4.0-1ubuntu1~18.04
2022-11-13 00:48:12 status unpacked libatomic1:amd64 8.4.0-1ubuntu1~18.04
2022-11-13 00:48:13 install libasan4:amd64 <none> 7.5.0-3ubuntu1~18.04
2022-11-13 00:48:13 status half-installed libasan4:amd64 7.5.0-3ubuntu1~18.04
2022-11-13 00:48:13 status unpacked libasan4:amd64 7.5.0-3ubuntu1~18.04
2022-11-13 00:48:13 status unpacked libasan4:amd64 7.5.0-3ubuntu1~18.04
2022-11-13 00:48:13 install liblsan0:amd64 <none> 8.4.0-1ubuntu1~18.04
2022-11-13 00:48:13 status half-installed liblsan0:amd64 8.4.0-1ubuntu1~18.04
2022-11-13 00:48:13 status unpacked liblsan0:amd64 8.4.0-1ubuntu1~18.04
2022-11-13 00:48:13 status unpacked liblsan0:amd64 8.4.0-1ubuntu1~18.04
2022-11-13 00:48:13 install libtsan0:amd64 <none> 8.4.0-1ubuntu1~18.04
2022-11-13 00:48:13 status half-installed libtsan0:amd64 8.4.0-1ubuntu1~18.04
2022-11-13 00:48:13 status unpacked libtsan0:amd64 8.4.0-1ubuntu1~18.04
2022-11-13 00:48:13 status unpacked libtsan0:amd64 8.4.0-1ubuntu1~18.04
2022-11-13 00:48:13 install libubsan0:amd64 <none> 7.5.0-3ubuntu1~18.04
2022-11-13 00:48:13 status half-installed libubsan0:amd64 7.5.0-3ubuntu1~18.04
2022-11-13 00:48:13 status unpacked libubsan0:amd64 7.5.0-3ubuntu1~18.04
2022-11-13 00:48:13 status unpacked libubsan0:amd64 7.5.0-3ubuntu1~18.04
2022-11-13 00:48:13 install libcilkrts5:amd64 <none> 7.5.0-3ubuntu1~18.04
2022-11-13 00:48:13 status half-installed libcilkrts5:amd64 7.5.0-3ubuntu1~18.04
2022-11-13 00:48:13 status unpacked libcilkrts5:amd64 7.5.0-3ubuntu1~18.04
2022-11-13 00:48:13 status unpacked libcilkrts5:amd64 7.5.0-3ubuntu1~18.04
2022-11-13 00:48:13 install libmpx2:amd64 <none> 8.4.0-1ubuntu1~18.04
2022-11-13 00:48:13 status half-installed libmpx2:amd64 8.4.0-1ubuntu1~18.04
2022-11-13 00:48:13 status unpacked libmpx2:amd64 8.4.0-1ubuntu1~18.04
2022-11-13 00:48:13 status unpacked libmpx2:amd64 8.4.0-1ubuntu1~18.04
2022-11-13 00:48:13 install libquadmath0:amd64 <none> 8.4.0-1ubuntu1~18.04
2022-11-13 00:48:13 status half-installed libquadmath0:amd64 8.4.0-1ubuntu1~18.04
2022-11-13 00:48:13 status unpacked libquadmath0:amd64 8.4.0-1ubuntu1~18.04
2022-11-13 00:48:13 status unpacked libquadmath0:amd64 8.4.0-1ubuntu1~18.04
2022-11-13 00:48:13 install libgcc-7-dev:amd64 <none> 7.5.0-3ubuntu1~18.04
2022-11-13 00:48:13 status half-installed libgcc-7-dev:amd64 7.5.0-3ubuntu1~18.04
2022-11-13 00:48:13 status unpacked libgcc-7-dev:amd64 7.5.0-3ubuntu1~18.04
2022-11-13 00:48:13 status unpacked libgcc-7-dev:amd64 7.5.0-3ubuntu1~18.04
2022-11-13 00:48:13 install gcc-7:amd64 <none> 7.5.0-3ubuntu1~18.04
2022-11-13 00:48:13 status half-installed gcc-7:amd64 7.5.0-3ubuntu1~18.04
2022-11-13 00:48:14 status unpacked gcc-7:amd64 7.5.0-3ubuntu1~18.04
2022-11-13 00:48:14 status unpacked gcc-7:amd64 7.5.0-3ubuntu1~18.04
2022-11-13 00:48:14 install gcc:amd64 <none> 4:7.4.0-1ubuntu2.3
2022-11-13 00:48:14 status half-installed gcc:amd64 4:7.4.0-1ubuntu2.3
2022-11-13 00:48:14 status unpacked gcc:amd64 4:7.4.0-1ubuntu2.3
2022-11-13 00:48:14 status unpacked gcc:amd64 4:7.4.0-1ubuntu2.3
2022-11-13 00:48:14 install libstdc++-7-dev:amd64 <none> 7.5.0-3ubuntu1~18.04
2022-11-13 00:48:14 status half-installed libstdc++-7-dev:amd64 7.5.0-3ubuntu1~18.04
2022-11-13 00:48:15 status unpacked libstdc++-7-dev:amd64 7.5.0-3ubuntu1~18.04
2022-11-13 00:48:15 status unpacked libstdc++-7-dev:amd64 7.5.0-3ubuntu1~18.04
2022-11-13 00:48:15 install g++-7:amd64 <none> 7.5.0-3ubuntu1~18.04
2022-11-13 00:48:15 status half-installed g++-7:amd64 7.5.0-3ubuntu1~18.04
2022-11-13 00:48:16 status unpacked g++-7:amd64 7.5.0-3ubuntu1~18.04
2022-11-13 00:48:16 status unpacked g++-7:amd64 7.5.0-3ubuntu1~18.04
2022-11-13 00:48:16 install g++:amd64 <none> 4:7.4.0-1ubuntu2.3
2022-11-13 00:48:16 status half-installed g++:amd64 4:7.4.0-1ubuntu2.3
2022-11-13 00:48:16 status unpacked g++:amd64 4:7.4.0-1ubuntu2.3
2022-11-13 00:48:16 status unpacked g++:amd64 4:7.4.0-1ubuntu2.3
2022-11-13 00:48:16 install make:amd64 <none> 4.1-9.1ubuntu1
2022-11-13 00:48:16 status half-installed make:amd64 4.1-9.1ubuntu1
2022-11-13 00:48:16 status unpacked make:amd64 4.1-9.1ubuntu1
2022-11-13 00:48:16 status unpacked make:amd64 4.1-9.1ubuntu1
2022-11-13 00:48:16 install libdpkg-perl:all <none> 1.19.0.5ubuntu2.4
2022-11-13 00:48:16 status half-installed libdpkg-perl:all 1.19.0.5ubuntu2.4
2022-11-13 00:48:16 status unpacked libdpkg-perl:all 1.19.0.5ubuntu2.4
2022-11-13 00:48:16 status unpacked libdpkg-perl:all 1.19.0.5ubuntu2.4
2022-11-13 00:48:16 install dpkg-dev:all <none> 1.19.0.5ubuntu2.4
2022-11-13 00:48:16 status half-installed dpkg-dev:all 1.19.0.5ubuntu2.4
2022-11-13 00:48:16 status unpacked dpkg-dev:all 1.19.0.5ubuntu2.4
2022-11-13 00:48:16 status unpacked dpkg-dev:all 1.19.0.5ubuntu2.4
2022-11-13 00:48:16 install build-essential:amd64 <none> 12.4ubuntu1
2022-11-13 00:48:16 status half-installed build-essential:amd64 12.4ubuntu1
2022-11-13 00:48:16 status unpacked build-essential:amd64 12.4ubuntu1
2022-11-13 00:48:16 status unpacked build-essential:amd64 12.4ubuntu1
2022-11-13 00:48:16 install libfakeroot:amd64 <none> 1.22-2ubuntu1
2022-11-13 00:48:16 status half-installed libfakeroot:amd64 1.22-2ubuntu1
2022-11-13 00:48:16 status unpacked libfakeroot:amd64 1.22-2ubuntu1
2022-11-13 00:48:16 status unpacked libfakeroot:amd64 1.22-2ubuntu1
2022-11-13 00:48:16 install fakeroot:amd64 <none> 1.22-2ubuntu1
2022-11-13 00:48:16 status half-installed fakeroot:amd64 1.22-2ubuntu1
2022-11-13 00:48:16 status unpacked fakeroot:amd64 1.22-2ubuntu1
2022-11-13 00:48:16 status unpacked fakeroot:amd64 1.22-2ubuntu1
2022-11-13 00:48:16 install golang-1.10-src:amd64 <none> 1.10.4-2ubuntu1~18.04.2
2022-11-13 00:48:16 status half-installed golang-1.10-src:amd64 1.10.4-2ubuntu1~18.04.2
2022-11-13 00:48:18 status unpacked golang-1.10-src:amd64 1.10.4-2ubuntu1~18.04.2
2022-11-13 00:48:18 status unpacked golang-1.10-src:amd64 1.10.4-2ubuntu1~18.04.2
2022-11-13 00:48:18 install golang-1.10-go:amd64 <none> 1.10.4-2ubuntu1~18.04.2
2022-11-13 00:48:18 status half-installed golang-1.10-go:amd64 1.10.4-2ubuntu1~18.04.2
2022-11-13 00:48:20 status unpacked golang-1.10-go:amd64 1.10.4-2ubuntu1~18.04.2
2022-11-13 00:48:20 status unpacked golang-1.10-go:amd64 1.10.4-2ubuntu1~18.04.2
2022-11-13 00:48:20 install golang-1.10-race-detector-runtime:amd64 <none> 0.0+svn285455-0ubuntu1
2022-11-13 00:48:20 status half-installed golang-1.10-race-detector-runtime:amd64 0.0+svn285455-0ubuntu1
2022-11-13 00:48:20 status unpacked golang-1.10-race-detector-runtime:amd64 0.0+svn285455-0ubuntu1
2022-11-13 00:48:21 status unpacked golang-1.10-race-detector-runtime:amd64 0.0+svn285455-0ubuntu1
2022-11-13 00:48:21 install golang-src:amd64 <none> 2:1.10~4ubuntu1
2022-11-13 00:48:21 status half-installed golang-src:amd64 2:1.10~4ubuntu1
2022-11-13 00:48:21 status unpacked golang-src:amd64 2:1.10~4ubuntu1
2022-11-13 00:48:21 status unpacked golang-src:amd64 2:1.10~4ubuntu1
2022-11-13 00:48:21 install golang-go:amd64 <none> 2:1.10~4ubuntu1
2022-11-13 00:48:21 status half-installed golang-go:amd64 2:1.10~4ubuntu1
2022-11-13 00:48:21 status unpacked golang-go:amd64 2:1.10~4ubuntu1
2022-11-13 00:48:21 status unpacked golang-go:amd64 2:1.10~4ubuntu1
2022-11-13 00:48:21 install libalgorithm-diff-perl:all <none> 1.19.03-1
2022-11-13 00:48:21 status half-installed libalgorithm-diff-perl:all 1.19.03-1
2022-11-13 00:48:21 status unpacked libalgorithm-diff-perl:all 1.19.03-1
2022-11-13 00:48:21 status unpacked libalgorithm-diff-perl:all 1.19.03-1
2022-11-13 00:48:21 install libalgorithm-diff-xs-perl:amd64 <none> 0.04-5
2022-11-13 00:48:21 status half-installed libalgorithm-diff-xs-perl:amd64 0.04-5
2022-11-13 00:48:21 status unpacked libalgorithm-diff-xs-perl:amd64 0.04-5
2022-11-13 00:48:21 status unpacked libalgorithm-diff-xs-perl:amd64 0.04-5
2022-11-13 00:48:21 install libalgorithm-merge-perl:all <none> 0.08-3
2022-11-13 00:48:21 status half-installed libalgorithm-merge-perl:all 0.08-3
2022-11-13 00:48:21 status unpacked libalgorithm-merge-perl:all 0.08-3
2022-11-13 00:48:21 status unpacked libalgorithm-merge-perl:all 0.08-3
2022-11-13 00:48:21 install libfile-fcntllock-perl:amd64 <none> 0.22-3build2
2022-11-13 00:48:21 status half-installed libfile-fcntllock-perl:amd64 0.22-3build2
2022-11-13 00:48:21 status unpacked libfile-fcntllock-perl:amd64 0.22-3build2
2022-11-13 00:48:21 status unpacked libfile-fcntllock-perl:amd64 0.22-3build2
2022-11-13 00:48:21 install manpages-dev:all <none> 4.15-1
2022-11-13 00:48:21 status half-installed manpages-dev:all 4.15-1
2022-11-13 00:48:21 status unpacked manpages-dev:all 4.15-1
2022-11-13 00:48:21 status unpacked manpages-dev:all 4.15-1
2022-11-13 00:48:21 install pkg-config:amd64 <none> 0.29.1-0ubuntu2
2022-11-13 00:48:21 status half-installed pkg-config:amd64 0.29.1-0ubuntu2
2022-11-13 00:48:21 status unpacked pkg-config:amd64 0.29.1-0ubuntu2
2022-11-13 00:48:21 status unpacked pkg-config:amd64 0.29.1-0ubuntu2
2022-11-13 00:48:21 install golang-race-detector-runtime:amd64 <none> 2:1.10~4ubuntu1
2022-11-13 00:48:21 status half-installed golang-race-detector-runtime:amd64 2:1.10~4ubuntu1
2022-11-13 00:48:21 status unpacked golang-race-detector-runtime:amd64 2:1.10~4ubuntu1
2022-11-13 00:48:21 status unpacked golang-race-detector-runtime:amd64 2:1.10~4ubuntu1
2022-11-13 00:48:22 startup packages configure
2022-11-13 00:48:22 configure libquadmath0:amd64 8.4.0-1ubuntu1~18.04 <none>
2022-11-13 00:48:22 status unpacked libquadmath0:amd64 8.4.0-1ubuntu1~18.04
2022-11-13 00:48:22 status half-configured libquadmath0:amd64 8.4.0-1ubuntu1~18.04
2022-11-13 00:48:22 status installed libquadmath0:amd64 8.4.0-1ubuntu1~18.04
2022-11-13 00:48:22 configure golang-1.10-race-detector-runtime:amd64 0.0+svn285455-0ubuntu1 <none>
2022-11-13 00:48:22 status unpacked golang-1.10-race-detector-runtime:amd64 0.0+svn285455-0ubuntu1
2022-11-13 00:48:22 status half-configured golang-1.10-race-detector-runtime:amd64 0.0+svn285455-0ubuntu1
2022-11-13 00:48:22 status installed golang-1.10-race-detector-runtime:amd64 0.0+svn285455-0ubuntu1
2022-11-13 00:48:22 configure libgomp1:amd64 8.4.0-1ubuntu1~18.04 <none>
2022-11-13 00:48:22 status unpacked libgomp1:amd64 8.4.0-1ubuntu1~18.04
2022-11-13 00:48:22 status half-configured libgomp1:amd64 8.4.0-1ubuntu1~18.04
2022-11-13 00:48:22 status installed libgomp1:amd64 8.4.0-1ubuntu1~18.04
2022-11-13 00:48:22 configure libatomic1:amd64 8.4.0-1ubuntu1~18.04 <none>
2022-11-13 00:48:22 status unpacked libatomic1:amd64 8.4.0-1ubuntu1~18.04
2022-11-13 00:48:22 status half-configured libatomic1:amd64 8.4.0-1ubuntu1~18.04
2022-11-13 00:48:22 status installed libatomic1:amd64 8.4.0-1ubuntu1~18.04
2022-11-13 00:48:22 configure golang-race-detector-runtime:amd64 2:1.10~4ubuntu1 <none>
2022-11-13 00:48:22 status unpacked golang-race-detector-runtime:amd64 2:1.10~4ubuntu1
2022-11-13 00:48:22 status half-configured golang-race-detector-runtime:amd64 2:1.10~4ubuntu1
2022-11-13 00:48:22 status installed golang-race-detector-runtime:amd64 2:1.10~4ubuntu1
2022-11-13 00:48:22 configure libcc1-0:amd64 8.4.0-1ubuntu1~18.04 <none>
2022-11-13 00:48:22 status unpacked libcc1-0:amd64 8.4.0-1ubuntu1~18.04
2022-11-13 00:48:22 status half-configured libcc1-0:amd64 8.4.0-1ubuntu1~18.04
2022-11-13 00:48:22 status installed libcc1-0:amd64 8.4.0-1ubuntu1~18.04
2022-11-13 00:48:22 configure make:amd64 4.1-9.1ubuntu1 <none>
2022-11-13 00:48:22 status unpacked make:amd64 4.1-9.1ubuntu1
2022-11-13 00:48:22 status half-configured make:amd64 4.1-9.1ubuntu1
2022-11-13 00:48:22 status installed make:amd64 4.1-9.1ubuntu1
2022-11-13 00:48:22 configure libtsan0:amd64 8.4.0-1ubuntu1~18.04 <none>
2022-11-13 00:48:22 status unpacked libtsan0:amd64 8.4.0-1ubuntu1~18.04
2022-11-13 00:48:22 status half-configured libtsan0:amd64 8.4.0-1ubuntu1~18.04
2022-11-13 00:48:22 status installed libtsan0:amd64 8.4.0-1ubuntu1~18.04
2022-11-13 00:48:22 configure linux-libc-dev:amd64 4.15.0-196.207 <none>
2022-11-13 00:48:22 status unpacked linux-libc-dev:amd64 4.15.0-196.207
2022-11-13 00:48:22 status half-configured linux-libc-dev:amd64 4.15.0-196.207
2022-11-13 00:48:22 status installed linux-libc-dev:amd64 4.15.0-196.207
2022-11-13 00:48:22 configure libdpkg-perl:all 1.19.0.5ubuntu2.4 <none>
2022-11-13 00:48:22 status unpacked libdpkg-perl:all 1.19.0.5ubuntu2.4
2022-11-13 00:48:22 status half-configured libdpkg-perl:all 1.19.0.5ubuntu2.4
2022-11-13 00:48:22 status installed libdpkg-perl:all 1.19.0.5ubuntu2.4
2022-11-13 00:48:22 configure liblsan0:amd64 8.4.0-1ubuntu1~18.04 <none>
2022-11-13 00:48:22 status unpacked liblsan0:amd64 8.4.0-1ubuntu1~18.04
2022-11-13 00:48:22 status half-configured liblsan0:amd64 8.4.0-1ubuntu1~18.04
2022-11-13 00:48:22 status installed liblsan0:amd64 8.4.0-1ubuntu1~18.04
2022-11-13 00:48:22 configure gcc-7-base:amd64 7.5.0-3ubuntu1~18.04 <none>
2022-11-13 00:48:22 status unpacked gcc-7-base:amd64 7.5.0-3ubuntu1~18.04
2022-11-13 00:48:22 status half-configured gcc-7-base:amd64 7.5.0-3ubuntu1~18.04
2022-11-13 00:48:22 status installed gcc-7-base:amd64 7.5.0-3ubuntu1~18.04
2022-11-13 00:48:22 configure binutils-common:amd64 2.30-21ubuntu1~18.04.7 <none>
2022-11-13 00:48:22 status unpacked binutils-common:amd64 2.30-21ubuntu1~18.04.7
2022-11-13 00:48:22 status half-configured binutils-common:amd64 2.30-21ubuntu1~18.04.7
2022-11-13 00:48:22 status installed binutils-common:amd64 2.30-21ubuntu1~18.04.7
2022-11-13 00:48:22 configure libfile-fcntllock-perl:amd64 0.22-3build2 <none>
2022-11-13 00:48:22 status unpacked libfile-fcntllock-perl:amd64 0.22-3build2
2022-11-13 00:48:22 status half-configured libfile-fcntllock-perl:amd64 0.22-3build2
2022-11-13 00:48:22 status installed libfile-fcntllock-perl:amd64 0.22-3build2
2022-11-13 00:48:22 configure libmpx2:amd64 8.4.0-1ubuntu1~18.04 <none>
2022-11-13 00:48:22 status unpacked libmpx2:amd64 8.4.0-1ubuntu1~18.04
2022-11-13 00:48:22 status half-configured libmpx2:amd64 8.4.0-1ubuntu1~18.04
2022-11-13 00:48:22 status installed libmpx2:amd64 8.4.0-1ubuntu1~18.04
2022-11-13 00:48:22 configure golang-1.10-src:amd64 1.10.4-2ubuntu1~18.04.2 <none>
2022-11-13 00:48:22 status unpacked golang-1.10-src:amd64 1.10.4-2ubuntu1~18.04.2
2022-11-13 00:48:22 status half-configured golang-1.10-src:amd64 1.10.4-2ubuntu1~18.04.2
2022-11-13 00:48:22 status installed golang-1.10-src:amd64 1.10.4-2ubuntu1~18.04.2
2022-11-13 00:48:22 configure libfakeroot:amd64 1.22-2ubuntu1 <none>
2022-11-13 00:48:22 status unpacked libfakeroot:amd64 1.22-2ubuntu1
2022-11-13 00:48:22 status unpacked libfakeroot:amd64 1.22-2ubuntu1
2022-11-13 00:48:22 status half-configured libfakeroot:amd64 1.22-2ubuntu1
2022-11-13 00:48:22 status installed libfakeroot:amd64 1.22-2ubuntu1
2022-11-13 00:48:22 configure libalgorithm-diff-perl:all 1.19.03-1 <none>
2022-11-13 00:48:22 status unpacked libalgorithm-diff-perl:all 1.19.03-1
2022-11-13 00:48:22 status half-configured libalgorithm-diff-perl:all 1.19.03-1
2022-11-13 00:48:22 status installed libalgorithm-diff-perl:all 1.19.03-1
2022-11-13 00:48:22 configure libmpc3:amd64 1.1.0-1 <none>
2022-11-13 00:48:22 status unpacked libmpc3:amd64 1.1.0-1
2022-11-13 00:48:22 status half-configured libmpc3:amd64 1.1.0-1
2022-11-13 00:48:22 status installed libmpc3:amd64 1.1.0-1
2022-11-13 00:48:22 configure libc-dev-bin:amd64 2.27-3ubuntu1.6 <none>
2022-11-13 00:48:22 status unpacked libc-dev-bin:amd64 2.27-3ubuntu1.6
2022-11-13 00:48:22 status half-configured libc-dev-bin:amd64 2.27-3ubuntu1.6
2022-11-13 00:48:22 status installed libc-dev-bin:amd64 2.27-3ubuntu1.6
2022-11-13 00:48:22 configure manpages-dev:all 4.15-1 <none>
2022-11-13 00:48:22 status unpacked manpages-dev:all 4.15-1
2022-11-13 00:48:22 status half-configured manpages-dev:all 4.15-1
2022-11-13 00:48:22 status installed manpages-dev:all 4.15-1
2022-11-13 00:48:22 configure libc6-dev:amd64 2.27-3ubuntu1.6 <none>
2022-11-13 00:48:22 status unpacked libc6-dev:amd64 2.27-3ubuntu1.6
2022-11-13 00:48:22 status half-configured libc6-dev:amd64 2.27-3ubuntu1.6
2022-11-13 00:48:22 status installed libc6-dev:amd64 2.27-3ubuntu1.6
2022-11-13 00:48:22 configure libitm1:amd64 8.4.0-1ubuntu1~18.04 <none>
2022-11-13 00:48:22 status unpacked libitm1:amd64 8.4.0-1ubuntu1~18.04
2022-11-13 00:48:22 status half-configured libitm1:amd64 8.4.0-1ubuntu1~18.04
2022-11-13 00:48:22 status installed libitm1:amd64 8.4.0-1ubuntu1~18.04
2022-11-13 00:48:22 configure libisl19:amd64 0.19-1 <none>
2022-11-13 00:48:22 status unpacked libisl19:amd64 0.19-1
2022-11-13 00:48:22 status half-configured libisl19:amd64 0.19-1
2022-11-13 00:48:22 status installed libisl19:amd64 0.19-1
2022-11-13 00:48:22 configure libasan4:amd64 7.5.0-3ubuntu1~18.04 <none>
2022-11-13 00:48:22 status unpacked libasan4:amd64 7.5.0-3ubuntu1~18.04
2022-11-13 00:48:22 status half-configured libasan4:amd64 7.5.0-3ubuntu1~18.04
2022-11-13 00:48:22 status installed libasan4:amd64 7.5.0-3ubuntu1~18.04
2022-11-13 00:48:22 configure libbinutils:amd64 2.30-21ubuntu1~18.04.7 <none>
2022-11-13 00:48:22 status unpacked libbinutils:amd64 2.30-21ubuntu1~18.04.7
2022-11-13 00:48:22 status half-configured libbinutils:amd64 2.30-21ubuntu1~18.04.7
2022-11-13 00:48:22 status installed libbinutils:amd64 2.30-21ubuntu1~18.04.7
2022-11-13 00:48:22 configure libcilkrts5:amd64 7.5.0-3ubuntu1~18.04 <none>
2022-11-13 00:48:22 status unpacked libcilkrts5:amd64 7.5.0-3ubuntu1~18.04
2022-11-13 00:48:22 status half-configured libcilkrts5:amd64 7.5.0-3ubuntu1~18.04
2022-11-13 00:48:22 status installed libcilkrts5:amd64 7.5.0-3ubuntu1~18.04
2022-11-13 00:48:22 configure golang-src:amd64 2:1.10~4ubuntu1 <none>
2022-11-13 00:48:22 status unpacked golang-src:amd64 2:1.10~4ubuntu1
2022-11-13 00:48:22 status half-configured golang-src:amd64 2:1.10~4ubuntu1
2022-11-13 00:48:22 status installed golang-src:amd64 2:1.10~4ubuntu1
2022-11-13 00:48:22 configure libubsan0:amd64 7.5.0-3ubuntu1~18.04 <none>
2022-11-13 00:48:22 status unpacked libubsan0:amd64 7.5.0-3ubuntu1~18.04
2022-11-13 00:48:22 status half-configured libubsan0:amd64 7.5.0-3ubuntu1~18.04
2022-11-13 00:48:22 status installed libubsan0:amd64 7.5.0-3ubuntu1~18.04
2022-11-13 00:48:23 configure fakeroot:amd64 1.22-2ubuntu1 <none>
2022-11-13 00:48:23 status unpacked fakeroot:amd64 1.22-2ubuntu1
2022-11-13 00:48:23 status half-configured fakeroot:amd64 1.22-2ubuntu1
2022-11-13 00:48:23 status installed fakeroot:amd64 1.22-2ubuntu1
2022-11-13 00:48:23 configure libgcc-7-dev:amd64 7.5.0-3ubuntu1~18.04 <none>
2022-11-13 00:48:23 status unpacked libgcc-7-dev:amd64 7.5.0-3ubuntu1~18.04
2022-11-13 00:48:23 status half-configured libgcc-7-dev:amd64 7.5.0-3ubuntu1~18.04
2022-11-13 00:48:23 status installed libgcc-7-dev:amd64 7.5.0-3ubuntu1~18.04
2022-11-13 00:48:23 configure cpp-7:amd64 7.5.0-3ubuntu1~18.04 <none>
2022-11-13 00:48:23 status unpacked cpp-7:amd64 7.5.0-3ubuntu1~18.04
2022-11-13 00:48:23 status half-configured cpp-7:amd64 7.5.0-3ubuntu1~18.04
2022-11-13 00:48:23 status installed cpp-7:amd64 7.5.0-3ubuntu1~18.04
2022-11-13 00:48:23 configure golang-1.10-go:amd64 1.10.4-2ubuntu1~18.04.2 <none>
2022-11-13 00:48:23 status unpacked golang-1.10-go:amd64 1.10.4-2ubuntu1~18.04.2
2022-11-13 00:48:23 status half-configured golang-1.10-go:amd64 1.10.4-2ubuntu1~18.04.2
2022-11-13 00:48:23 status installed golang-1.10-go:amd64 1.10.4-2ubuntu1~18.04.2
2022-11-13 00:48:23 configure libstdc++-7-dev:amd64 7.5.0-3ubuntu1~18.04 <none>
2022-11-13 00:48:23 status unpacked libstdc++-7-dev:amd64 7.5.0-3ubuntu1~18.04
2022-11-13 00:48:23 status half-configured libstdc++-7-dev:amd64 7.5.0-3ubuntu1~18.04
2022-11-13 00:48:23 status installed libstdc++-7-dev:amd64 7.5.0-3ubuntu1~18.04
2022-11-13 00:48:23 configure libalgorithm-merge-perl:all 0.08-3 <none>
2022-11-13 00:48:23 status unpacked libalgorithm-merge-perl:all 0.08-3
2022-11-13 00:48:23 status half-configured libalgorithm-merge-perl:all 0.08-3
2022-11-13 00:48:23 status installed libalgorithm-merge-perl:all 0.08-3
2022-11-13 00:48:23 configure libalgorithm-diff-xs-perl:amd64 0.04-5 <none>
2022-11-13 00:48:23 status unpacked libalgorithm-diff-xs-perl:amd64 0.04-5
2022-11-13 00:48:23 status half-configured libalgorithm-diff-xs-perl:amd64 0.04-5
2022-11-13 00:48:23 status installed libalgorithm-diff-xs-perl:amd64 0.04-5
2022-11-13 00:48:23 configure binutils-x86-64-linux-gnu:amd64 2.30-21ubuntu1~18.04.7 <none>
2022-11-13 00:48:23 status unpacked binutils-x86-64-linux-gnu:amd64 2.30-21ubuntu1~18.04.7
2022-11-13 00:48:23 status half-configured binutils-x86-64-linux-gnu:amd64 2.30-21ubuntu1~18.04.7
2022-11-13 00:48:23 status installed binutils-x86-64-linux-gnu:amd64 2.30-21ubuntu1~18.04.7
2022-11-13 00:48:23 configure cpp:amd64 4:7.4.0-1ubuntu2.3 <none>
2022-11-13 00:48:23 status unpacked cpp:amd64 4:7.4.0-1ubuntu2.3
2022-11-13 00:48:23 status half-configured cpp:amd64 4:7.4.0-1ubuntu2.3
2022-11-13 00:48:23 status installed cpp:amd64 4:7.4.0-1ubuntu2.3
2022-11-13 00:48:23 configure golang-go:amd64 2:1.10~4ubuntu1 <none>
2022-11-13 00:48:23 status unpacked golang-go:amd64 2:1.10~4ubuntu1
2022-11-13 00:48:23 status half-configured golang-go:amd64 2:1.10~4ubuntu1
2022-11-13 00:48:23 status installed golang-go:amd64 2:1.10~4ubuntu1
2022-11-13 00:48:23 configure binutils:amd64 2.30-21ubuntu1~18.04.7 <none>
2022-11-13 00:48:23 status unpacked binutils:amd64 2.30-21ubuntu1~18.04.7
2022-11-13 00:48:23 status half-configured binutils:amd64 2.30-21ubuntu1~18.04.7
2022-11-13 00:48:23 status installed binutils:amd64 2.30-21ubuntu1~18.04.7
2022-11-13 00:48:23 configure gcc-7:amd64 7.5.0-3ubuntu1~18.04 <none>
2022-11-13 00:48:23 status unpacked gcc-7:amd64 7.5.0-3ubuntu1~18.04
2022-11-13 00:48:23 status half-configured gcc-7:amd64 7.5.0-3ubuntu1~18.04
2022-11-13 00:48:23 status installed gcc-7:amd64 7.5.0-3ubuntu1~18.04
2022-11-13 00:48:23 configure g++-7:amd64 7.5.0-3ubuntu1~18.04 <none>
2022-11-13 00:48:23 status unpacked g++-7:amd64 7.5.0-3ubuntu1~18.04
2022-11-13 00:48:23 status half-configured g++-7:amd64 7.5.0-3ubuntu1~18.04
2022-11-13 00:48:23 status installed g++-7:amd64 7.5.0-3ubuntu1~18.04
2022-11-13 00:48:23 configure gcc:amd64 4:7.4.0-1ubuntu2.3 <none>
2022-11-13 00:48:23 status unpacked gcc:amd64 4:7.4.0-1ubuntu2.3
2022-11-13 00:48:23 status half-configured gcc:amd64 4:7.4.0-1ubuntu2.3
2022-11-13 00:48:23 status installed gcc:amd64 4:7.4.0-1ubuntu2.3
2022-11-13 00:48:23 configure dpkg-dev:all 1.19.0.5ubuntu2.4 <none>
2022-11-13 00:48:23 status unpacked dpkg-dev:all 1.19.0.5ubuntu2.4
2022-11-13 00:48:23 status unpacked dpkg-dev:all 1.19.0.5ubuntu2.4
2022-11-13 00:48:23 status unpacked dpkg-dev:all 1.19.0.5ubuntu2.4
2022-11-13 00:48:23 status half-configured dpkg-dev:all 1.19.0.5ubuntu2.4
2022-11-13 00:48:23 status installed dpkg-dev:all 1.19.0.5ubuntu2.4
2022-11-13 00:48:23 configure g++:amd64 4:7.4.0-1ubuntu2.3 <none>
2022-11-13 00:48:23 status unpacked g++:amd64 4:7.4.0-1ubuntu2.3
2022-11-13 00:48:23 status half-configured g++:amd64 4:7.4.0-1ubuntu2.3
2022-11-13 00:48:23 status installed g++:amd64 4:7.4.0-1ubuntu2.3
2022-11-13 00:48:23 configure build-essential:amd64 12.4ubuntu1 <none>
2022-11-13 00:48:23 status unpacked build-essential:amd64 12.4ubuntu1
2022-11-13 00:48:23 status half-configured build-essential:amd64 12.4ubuntu1
2022-11-13 00:48:23 status installed build-essential:amd64 12.4ubuntu1
2022-11-13 00:48:23 configure pkg-config:amd64 0.29.1-0ubuntu2 <none>
2022-11-13 00:48:23 status unpacked pkg-config:amd64 0.29.1-0ubuntu2
2022-11-13 00:48:24 status unpacked pkg-config:amd64 0.29.1-0ubuntu2
2022-11-13 00:48:24 status half-configured pkg-config:amd64 0.29.1-0ubuntu2
2022-11-13 00:48:24 status installed pkg-config:amd64 0.29.1-0ubuntu2
2022-11-13 00:48:24 trigproc man-db:amd64 2.8.3-2ubuntu0.1 <none>
2022-11-13 00:48:24 status half-configured man-db:amd64 2.8.3-2ubuntu0.1
2022-11-13 00:48:30 status installed man-db:amd64 2.8.3-2ubuntu0.1
2022-11-13 00:48:30 trigproc libc-bin:amd64 2.27-3ubuntu1.6 <none>
2022-11-13 00:48:30 status half-configured libc-bin:amd64 2.27-3ubuntu1.6
2022-11-13 00:48:30 status installed libc-bin:amd64 2.27-3ubuntu1.6
2022-11-13 17:13:47 startup archives unpack
2022-11-13 17:13:47 upgrade libsqlite3-0:amd64 3.22.0-1ubuntu0.6 3.22.0-1ubuntu0.7
2022-11-13 17:13:47 status triggers-pending libc-bin:amd64 2.27-3ubuntu1.6
2022-11-13 17:13:47 status half-configured libsqlite3-0:amd64 3.22.0-1ubuntu0.6
2022-11-13 17:13:47 status unpacked libsqlite3-0:amd64 3.22.0-1ubuntu0.6
2022-11-13 17:13:47 status half-installed libsqlite3-0:amd64 3.22.0-1ubuntu0.6
2022-11-13 17:13:47 status half-installed libsqlite3-0:amd64 3.22.0-1ubuntu0.6
2022-11-13 17:13:47 status unpacked libsqlite3-0:amd64 3.22.0-1ubuntu0.7
2022-11-13 17:13:47 status unpacked libsqlite3-0:amd64 3.22.0-1ubuntu0.7
2022-11-13 17:13:47 startup packages configure
2022-11-13 17:13:47 configure libsqlite3-0:amd64 3.22.0-1ubuntu0.7 <none>
2022-11-13 17:13:47 status unpacked libsqlite3-0:amd64 3.22.0-1ubuntu0.7
2022-11-13 17:13:47 status half-configured libsqlite3-0:amd64 3.22.0-1ubuntu0.7
2022-11-13 17:13:47 status installed libsqlite3-0:amd64 3.22.0-1ubuntu0.7
2022-11-13 17:13:47 trigproc libc-bin:amd64 2.27-3ubuntu1.6 <none>
2022-11-13 17:13:47 status half-configured libc-bin:amd64 2.27-3ubuntu1.6
2022-11-13 17:13:48 status installed libc-bin:amd64 2.27-3ubuntu1.6
2022-11-13 17:13:49 startup archives unpack
2022-11-13 17:13:50 upgrade tzdata:all 2022e-0ubuntu0.18.04.0 2022f-0ubuntu0.18.04.0
2022-11-13 17:13:50 status half-configured tzdata:all 2022e-0ubuntu0.18.04.0
2022-11-13 17:13:50 status unpacked tzdata:all 2022e-0ubuntu0.18.04.0
2022-11-13 17:13:50 status half-installed tzdata:all 2022e-0ubuntu0.18.04.0
2022-11-13 17:13:50 status half-installed tzdata:all 2022e-0ubuntu0.18.04.0
2022-11-13 17:13:50 status unpacked tzdata:all 2022f-0ubuntu0.18.04.0
2022-11-13 17:13:50 status unpacked tzdata:all 2022f-0ubuntu0.18.04.0
2022-11-13 17:13:50 startup packages configure
2022-11-13 17:13:50 configure tzdata:all 2022f-0ubuntu0.18.04.0 <none>
2022-11-13 17:13:50 status unpacked tzdata:all 2022f-0ubuntu0.18.04.0
2022-11-13 17:13:50 status half-configured tzdata:all 2022f-0ubuntu0.18.04.0
2022-11-13 17:13:50 status installed tzdata:all 2022f-0ubuntu0.18.04.0
2022-11-13 17:13:52 startup archives unpack
2022-11-13 17:13:52 install linux-headers-4.15.0-196:all <none> 4.15.0-196.207
2022-11-13 17:13:52 status half-installed linux-headers-4.15.0-196:all 4.15.0-196.207
2022-11-13 17:13:54 status unpacked linux-headers-4.15.0-196:all 4.15.0-196.207
2022-11-13 17:13:54 status unpacked linux-headers-4.15.0-196:all 4.15.0-196.207
2022-11-13 17:13:54 install linux-headers-4.15.0-196-generic:amd64 <none> 4.15.0-196.207
2022-11-13 17:13:54 status half-installed linux-headers-4.15.0-196-generic:amd64 4.15.0-196.207
2022-11-13 17:13:55 status unpacked linux-headers-4.15.0-196-generic:amd64 4.15.0-196.207
2022-11-13 17:13:55 status unpacked linux-headers-4.15.0-196-generic:amd64 4.15.0-196.207
2022-11-13 17:13:55 install linux-modules-4.15.0-196-generic:amd64 <none> 4.15.0-196.207
2022-11-13 17:13:55 status half-installed linux-modules-4.15.0-196-generic:amd64 4.15.0-196.207
2022-11-13 17:13:57 status unpacked linux-modules-4.15.0-196-generic:amd64 4.15.0-196.207
2022-11-13 17:13:57 status unpacked linux-modules-4.15.0-196-generic:amd64 4.15.0-196.207
2022-11-13 17:13:57 install linux-image-4.15.0-196-generic:amd64 <none> 4.15.0-196.207
2022-11-13 17:13:57 status half-installed linux-image-4.15.0-196-generic:amd64 4.15.0-196.207
2022-11-13 17:13:57 status unpacked linux-image-4.15.0-196-generic:amd64 4.15.0-196.207
2022-11-13 17:13:57 status unpacked linux-image-4.15.0-196-generic:amd64 4.15.0-196.207
2022-11-13 17:13:57 upgrade linux-virtual:amd64 4.15.0.194.179 4.15.0.196.181
2022-11-13 17:13:57 status half-configured linux-virtual:amd64 4.15.0.194.179
2022-11-13 17:13:57 status unpacked linux-virtual:amd64 4.15.0.194.179
2022-11-13 17:13:57 status half-installed linux-virtual:amd64 4.15.0.194.179
2022-11-13 17:13:57 status half-installed linux-virtual:amd64 4.15.0.194.179
2022-11-13 17:13:57 status unpacked linux-virtual:amd64 4.15.0.196.181
2022-11-13 17:13:57 status unpacked linux-virtual:amd64 4.15.0.196.181
2022-11-13 17:13:57 upgrade linux-image-virtual:amd64 4.15.0.194.179 4.15.0.196.181
2022-11-13 17:13:57 status half-configured linux-image-virtual:amd64 4.15.0.194.179
2022-11-13 17:13:57 status unpacked linux-image-virtual:amd64 4.15.0.194.179
2022-11-13 17:13:57 status half-installed linux-image-virtual:amd64 4.15.0.194.179
2022-11-13 17:13:57 status half-installed linux-image-virtual:amd64 4.15.0.194.179
2022-11-13 17:13:57 status unpacked linux-image-virtual:amd64 4.15.0.196.181
2022-11-13 17:13:57 status unpacked linux-image-virtual:amd64 4.15.0.196.181
2022-11-13 17:13:57 upgrade linux-headers-virtual:amd64 4.15.0.194.179 4.15.0.196.181
2022-11-13 17:13:57 status half-configured linux-headers-virtual:amd64 4.15.0.194.179
2022-11-13 17:13:57 status unpacked linux-headers-virtual:amd64 4.15.0.194.179
2022-11-13 17:13:57 status half-installed linux-headers-virtual:amd64 4.15.0.194.179
2022-11-13 17:13:58 status half-installed linux-headers-virtual:amd64 4.15.0.194.179
2022-11-13 17:13:58 status unpacked linux-headers-virtual:amd64 4.15.0.196.181
2022-11-13 17:13:58 status unpacked linux-headers-virtual:amd64 4.15.0.196.181
2022-11-13 17:13:58 upgrade linux-headers-generic:amd64 4.15.0.194.179 4.15.0.196.181
2022-11-13 17:13:58 status half-configured linux-headers-generic:amd64 4.15.0.194.179
2022-11-13 17:13:58 status unpacked linux-headers-generic:amd64 4.15.0.194.179
2022-11-13 17:13:58 status half-installed linux-headers-generic:amd64 4.15.0.194.179
2022-11-13 17:13:58 status half-installed linux-headers-generic:amd64 4.15.0.194.179
2022-11-13 17:13:58 status unpacked linux-headers-generic:amd64 4.15.0.196.181
2022-11-13 17:13:58 status unpacked linux-headers-generic:amd64 4.15.0.196.181
2022-11-13 17:13:58 startup packages configure
2022-11-13 17:13:58 configure linux-modules-4.15.0-196-generic:amd64 4.15.0-196.207 <none>
2022-11-13 17:13:58 status unpacked linux-modules-4.15.0-196-generic:amd64 4.15.0-196.207
2022-11-13 17:13:58 status half-configured linux-modules-4.15.0-196-generic:amd64 4.15.0-196.207
2022-11-13 17:13:58 status installed linux-modules-4.15.0-196-generic:amd64 4.15.0-196.207
2022-11-13 17:13:58 configure linux-headers-4.15.0-196:all 4.15.0-196.207 <none>
2022-11-13 17:13:58 status unpacked linux-headers-4.15.0-196:all 4.15.0-196.207
2022-11-13 17:13:58 status half-configured linux-headers-4.15.0-196:all 4.15.0-196.207
2022-11-13 17:13:58 status installed linux-headers-4.15.0-196:all 4.15.0-196.207
2022-11-13 17:13:58 configure linux-image-4.15.0-196-generic:amd64 4.15.0-196.207 <none>
2022-11-13 17:13:58 status unpacked linux-image-4.15.0-196-generic:amd64 4.15.0-196.207
2022-11-13 17:13:58 status half-configured linux-image-4.15.0-196-generic:amd64 4.15.0-196.207
2022-11-13 17:13:58 status installed linux-image-4.15.0-196-generic:amd64 4.15.0-196.207
2022-11-13 17:13:58 status triggers-pending linux-image-4.15.0-196-generic:amd64 4.15.0-196.207
2022-11-13 17:13:58 configure linux-headers-4.15.0-196-generic:amd64 4.15.0-196.207 <none>
2022-11-13 17:13:58 status unpacked linux-headers-4.15.0-196-generic:amd64 4.15.0-196.207
2022-11-13 17:13:58 status half-configured linux-headers-4.15.0-196-generic:amd64 4.15.0-196.207
2022-11-13 17:13:58 status installed linux-headers-4.15.0-196-generic:amd64 4.15.0-196.207
2022-11-13 17:13:58 configure linux-image-virtual:amd64 4.15.0.196.181 <none>
2022-11-13 17:13:58 status unpacked linux-image-virtual:amd64 4.15.0.196.181
2022-11-13 17:13:58 status half-configured linux-image-virtual:amd64 4.15.0.196.181
2022-11-13 17:13:58 status installed linux-image-virtual:amd64 4.15.0.196.181
2022-11-13 17:13:58 configure linux-headers-generic:amd64 4.15.0.196.181 <none>
2022-11-13 17:13:58 status unpacked linux-headers-generic:amd64 4.15.0.196.181
2022-11-13 17:13:58 status half-configured linux-headers-generic:amd64 4.15.0.196.181
2022-11-13 17:13:58 status installed linux-headers-generic:amd64 4.15.0.196.181
2022-11-13 17:13:58 configure linux-headers-virtual:amd64 4.15.0.196.181 <none>
2022-11-13 17:13:58 status unpacked linux-headers-virtual:amd64 4.15.0.196.181
2022-11-13 17:13:58 status half-configured linux-headers-virtual:amd64 4.15.0.196.181
2022-11-13 17:13:58 status installed linux-headers-virtual:amd64 4.15.0.196.181
2022-11-13 17:13:58 configure linux-virtual:amd64 4.15.0.196.181 <none>
2022-11-13 17:13:58 status unpacked linux-virtual:amd64 4.15.0.196.181
2022-11-13 17:13:58 status half-configured linux-virtual:amd64 4.15.0.196.181
2022-11-13 17:13:58 status installed linux-virtual:amd64 4.15.0.196.181
2022-11-13 17:13:58 trigproc linux-image-4.15.0-196-generic:amd64 4.15.0-196.207 <none>
2022-11-13 17:13:58 status half-configured linux-image-4.15.0-196-generic:amd64 4.15.0-196.207
2022-11-13 17:14:05 status installed linux-image-4.15.0-196-generic:amd64 4.15.0-196.207
